<?xml version="1.0" encoding="UTF-8"?>
<!-- Generated by org.testng.reporters.JUnitReportReporter -->
<testsuite hostname="DESKTOP-0SA4MEV" failures="0" tests="3" name="com.crm.qa.testcases.LoginPageTest" time="40.609" errors="0" timestamp="2021-07-06T20:48:12 IST" skipped="0">
  <testcase classname="com.crm.qa.testcases.LoginPageTest" name="loginPageTitleTest" time="13.003"/>
  <system-out/>
  <testcase classname="com.crm.qa.testcases.LoginPageTest" name="crmLogoImageTest" time="10.608"/>
  <system-out/>
  <testcase classname="com.crm.qa.testcases.LoginPageTest" name="loginTest" time="16.998"/>
  <system-out/>
</testsuite> <!-- com.crm.qa.testcases.LoginPageTest -->
