<?xml version="1.0" encoding="UTF-8"?>
<!-- Generated by org.testng.reporters.JUnitReportReporter -->
<testsuite hostname="DESKTOP-0SA4MEV" failures="0" tests="3" name="com.crm.qa.testcases.HomePageTest" time="18.077" errors="0" timestamp="2021-07-06T20:48:12 IST" skipped="0">
  <testcase classname="com.crm.qa.testcases.HomePageTest" name="verifyHomePageTitleTest" time="5.943"/>
  <system-out/>
  <testcase classname="com.crm.qa.testcases.HomePageTest" name="verifyUserNameTest" time="5.898"/>
  <system-out/>
  <testcase classname="com.crm.qa.testcases.HomePageTest" name="verifyContactsLinkTest" time="6.236"/>
  <system-out/>
</testsuite> <!-- com.crm.qa.testcases.HomePageTest -->
